c:\users\arser\desktop\proyectods\proyecto-ds\uno\uno\debug\uno.pch
c:\users\arser\desktop\proyectods\proyecto-ds\uno\uno\debug\vc141.pdb
c:\users\arser\desktop\proyectods\proyecto-ds\uno\uno\debug\vc141.idb
c:\users\arser\desktop\proyectods\proyecto-ds\uno\uno\debug\stdafx.obj
c:\users\arser\desktop\proyectods\proyecto-ds\uno\uno\debug\buffer.obj
c:\users\arser\desktop\proyectods\proyecto-ds\uno\uno\debug\carta.obj
c:\users\arser\desktop\proyectods\proyecto-ds\uno\uno\debug\cementerio.obj
c:\users\arser\desktop\proyectods\proyecto-ds\uno\uno\debug\cola.obj
c:\users\arser\desktop\proyectods\proyecto-ds\uno\uno\debug\colabuffer.obj
c:\users\arser\desktop\proyectods\proyecto-ds\uno\uno\debug\especial.obj
c:\users\arser\desktop\proyectods\proyecto-ds\uno\uno\debug\listacarta.obj
c:\users\arser\desktop\proyectods\proyecto-ds\uno\uno\debug\mazo.obj
c:\users\arser\desktop\proyectods\proyecto-ds\uno\uno\debug\nodobuffer.obj
c:\users\arser\desktop\proyectods\proyecto-ds\uno\uno\debug\nodocarta.obj
c:\users\arser\desktop\proyectods\proyecto-ds\uno\uno\debug\numero.obj
c:\users\arser\desktop\proyectods\proyecto-ds\uno\uno\debug\pila.obj
c:\users\arser\desktop\proyectods\proyecto-ds\uno\uno\debug\uno.obj
c:\users\arser\desktop\proyectods\proyecto-ds\uno\uno\debug\gestor.obj
c:\users\arser\desktop\proyectods\proyecto-ds\uno\uno\debug\player.obj
c:\users\arser\desktop\proyectods\proyecto-ds\uno\debug\uno.exe
c:\users\arser\desktop\proyectods\proyecto-ds\uno\debug\uno.ilk
c:\users\arser\desktop\proyectods\proyecto-ds\uno\debug\uno.pdb
c:\users\arser\desktop\proyectods\proyecto-ds\uno\uno\debug\uno.tlog\cl.command.1.tlog
c:\users\arser\desktop\proyectods\proyecto-ds\uno\uno\debug\uno.tlog\cl.read.1.tlog
c:\users\arser\desktop\proyectods\proyecto-ds\uno\uno\debug\uno.tlog\cl.write.1.tlog
c:\users\arser\desktop\proyectods\proyecto-ds\uno\uno\debug\uno.tlog\link.command.1.tlog
c:\users\arser\desktop\proyectods\proyecto-ds\uno\uno\debug\uno.tlog\link.read.1.tlog
c:\users\arser\desktop\proyectods\proyecto-ds\uno\uno\debug\uno.tlog\link.write.1.tlog
