  Cola.cpp
c:\users\arser\desktop\proyectods\proyecto-ds\uno\uno\cola.cpp(8): error C2988: declaración o definición de plantilla irreconocible
c:\users\arser\desktop\proyectods\proyecto-ds\uno\uno\cola.cpp(8): error C2143: error de sintaxis: falta ';' delante de '<'
c:\users\arser\desktop\proyectods\proyecto-ds\uno\uno\cola.cpp(8): error C2059: error de sintaxis: '<'
c:\users\arser\desktop\proyectods\proyecto-ds\uno\uno\cola.cpp(8): error C2039: 'Cola': no es un miembro de '`global namespace''
c:\users\arser\desktop\proyectods\proyecto-ds\uno\uno\cola.cpp(8): error C2143: error de sintaxis: falta ';' delante de '{'
c:\users\arser\desktop\proyectods\proyecto-ds\uno\uno\cola.cpp(8): error C2447: '{': falta el encabezado de función (¿lista formal de estilo anterior?)
c:\users\arser\desktop\proyectods\proyecto-ds\uno\uno\cola.cpp(15): error C2988: declaración o definición de plantilla irreconocible
c:\users\arser\desktop\proyectods\proyecto-ds\uno\uno\cola.cpp(15): error C2143: error de sintaxis: falta ';' delante de '<'
c:\users\arser\desktop\proyectods\proyecto-ds\uno\uno\cola.cpp(15): error C2059: error de sintaxis: '<'
c:\users\arser\desktop\proyectods\proyecto-ds\uno\uno\cola.cpp(15): error C2039: 'Cola': no es un miembro de '`global namespace''
c:\users\arser\desktop\proyectods\proyecto-ds\uno\uno\cola.cpp(15): error C2143: error de sintaxis: falta ';' delante de '{'
c:\users\arser\desktop\proyectods\proyecto-ds\uno\uno\cola.cpp(15): error C2447: '{': falta el encabezado de función (¿lista formal de estilo anterior?)
c:\users\arser\desktop\proyectods\proyecto-ds\uno\uno\cola.cpp(19): error C2988: declaración o definición de plantilla irreconocible
c:\users\arser\desktop\proyectods\proyecto-ds\uno\uno\cola.cpp(19): error C2143: error de sintaxis: falta ';' delante de '<'
c:\users\arser\desktop\proyectods\proyecto-ds\uno\uno\cola.cpp(19): error C2059: error de sintaxis: '<'
c:\users\arser\desktop\proyectods\proyecto-ds\uno\uno\cola.cpp(19): error C2039: 'Cola': no es un miembro de '`global namespace''
c:\users\arser\desktop\proyectods\proyecto-ds\uno\uno\cola.cpp(19): error C2143: error de sintaxis: falta ';' delante de '{'
c:\users\arser\desktop\proyectods\proyecto-ds\uno\uno\cola.cpp(19): error C2447: '{': falta el encabezado de función (¿lista formal de estilo anterior?)
c:\users\arser\desktop\proyectods\proyecto-ds\uno\uno\cola.cpp(23): error C2988: declaración o definición de plantilla irreconocible
c:\users\arser\desktop\proyectods\proyecto-ds\uno\uno\cola.cpp(23): error C2143: error de sintaxis: falta ';' delante de '<'
c:\users\arser\desktop\proyectods\proyecto-ds\uno\uno\cola.cpp(23): error C2059: error de sintaxis: '<'
c:\users\arser\desktop\proyectods\proyecto-ds\uno\uno\cola.cpp(23): error C2039: 'longCola': no es un miembro de '`global namespace''
c:\users\arser\desktop\proyectods\proyecto-ds\uno\uno\cola.cpp(23): error C2143: error de sintaxis: falta ';' delante de '{'
c:\users\arser\desktop\proyectods\proyecto-ds\uno\uno\cola.cpp(23): error C2447: '{': falta el encabezado de función (¿lista formal de estilo anterior?)
c:\users\arser\desktop\proyectods\proyecto-ds\uno\uno\cola.cpp(28): error C2988: declaración o definición de plantilla irreconocible
c:\users\arser\desktop\proyectods\proyecto-ds\uno\uno\cola.cpp(28): error C2143: error de sintaxis: falta ';' delante de '<'
c:\users\arser\desktop\proyectods\proyecto-ds\uno\uno\cola.cpp(28): error C2371: 'Cola': nueva definición; tipos básicos distintos
  c:\users\arser\desktop\proyectods\proyecto-ds\uno\uno\cola.cpp(23): note: vea la declaración de 'Cola'
c:\users\arser\desktop\proyectods\proyecto-ds\uno\uno\cola.cpp(28): error C2059: error de sintaxis: '<'
c:\users\arser\desktop\proyectods\proyecto-ds\uno\uno\cola.cpp(28): error C2039: 'esVacia': no es un miembro de '`global namespace''
c:\users\arser\desktop\proyectods\proyecto-ds\uno\uno\cola.cpp(28): error C2143: error de sintaxis: falta ';' delante de '{'
c:\users\arser\desktop\proyectods\proyecto-ds\uno\uno\cola.cpp(28): error C2447: '{': falta el encabezado de función (¿lista formal de estilo anterior?)
c:\users\arser\desktop\proyectods\proyecto-ds\uno\uno\cola.cpp(38): error C2988: declaración o definición de plantilla irreconocible
c:\users\arser\desktop\proyectods\proyecto-ds\uno\uno\cola.cpp(38): error C2143: error de sintaxis: falta ';' delante de '<'
c:\users\arser\desktop\proyectods\proyecto-ds\uno\uno\cola.cpp(38): error C2371: 'Cola': nueva definición; tipos básicos distintos
  c:\users\arser\desktop\proyectods\proyecto-ds\uno\uno\cola.cpp(23): note: vea la declaración de 'Cola'
c:\users\arser\desktop\proyectods\proyecto-ds\uno\uno\cola.cpp(38): error C2059: error de sintaxis: '<'
c:\users\arser\desktop\proyectods\proyecto-ds\uno\uno\cola.cpp(38): error C2039: 'insertarElem': no es un miembro de '`global namespace''
c:\users\arser\desktop\proyectods\proyecto-ds\uno\uno\cola.cpp(38): error C2143: error de sintaxis: falta ';' delante de '{'
c:\users\arser\desktop\proyectods\proyecto-ds\uno\uno\cola.cpp(38): error C2447: '{': falta el encabezado de función (¿lista formal de estilo anterior?)
c:\users\arser\desktop\proyectods\proyecto-ds\uno\uno\cola.cpp(59): error C2988: declaración o definición de plantilla irreconocible
c:\users\arser\desktop\proyectods\proyecto-ds\uno\uno\cola.cpp(59): error C2143: error de sintaxis: falta ';' delante de '<'
c:\users\arser\desktop\proyectods\proyecto-ds\uno\uno\cola.cpp(59): error C2371: 'Cola': nueva definición; tipos básicos distintos
  c:\users\arser\desktop\proyectods\proyecto-ds\uno\uno\cola.cpp(23): note: vea la declaración de 'Cola'
c:\users\arser\desktop\proyectods\proyecto-ds\uno\uno\cola.cpp(59): error C2059: error de sintaxis: '<'
c:\users\arser\desktop\proyectods\proyecto-ds\uno\uno\cola.cpp(59): error C2039: 'estaEnCola': no es un miembro de '`global namespace''
c:\users\arser\desktop\proyectods\proyecto-ds\uno\uno\cola.cpp(59): error C2143: error de sintaxis: falta ';' delante de '{'
c:\users\arser\desktop\proyectods\proyecto-ds\uno\uno\cola.cpp(59): error C2447: '{': falta el encabezado de función (¿lista formal de estilo anterior?)
c:\users\arser\desktop\proyectods\proyecto-ds\uno\uno\cola.cpp(72): error C2988: declaración o definición de plantilla irreconocible
c:\users\arser\desktop\proyectods\proyecto-ds\uno\uno\cola.cpp(72): error C2143: error de sintaxis: falta ';' delante de '<'
c:\users\arser\desktop\proyectods\proyecto-ds\uno\uno\cola.cpp(72): error C2371: 'Cola': nueva definición; tipos básicos distintos
  c:\users\arser\desktop\proyectods\proyecto-ds\uno\uno\cola.cpp(23): note: vea la declaración de 'Cola'
c:\users\arser\desktop\proyectods\proyecto-ds\uno\uno\cola.cpp(72): error C2059: error de sintaxis: '<'
c:\users\arser\desktop\proyectods\proyecto-ds\uno\uno\cola.cpp(72): error C2039: 'eliminarValor': no es un miembro de '`global namespace''
c:\users\arser\desktop\proyectods\proyecto-ds\uno\uno\cola.cpp(72): error C2143: error de sintaxis: falta ';' delante de '{'
c:\users\arser\desktop\proyectods\proyecto-ds\uno\uno\cola.cpp(72): error C2447: '{': falta el encabezado de función (¿lista formal de estilo anterior?)
c:\users\arser\desktop\proyectods\proyecto-ds\uno\uno\cola.cpp(89): error C2988: declaración o definición de plantilla irreconocible
c:\users\arser\desktop\proyectods\proyecto-ds\uno\uno\cola.cpp(89): error C2143: error de sintaxis: falta ';' delante de '<'
c:\users\arser\desktop\proyectods\proyecto-ds\uno\uno\cola.cpp(89): error C2371: 'Cola': nueva definición; tipos básicos distintos
  c:\users\arser\desktop\proyectods\proyecto-ds\uno\uno\cola.cpp(23): note: vea la declaración de 'Cola'
c:\users\arser\desktop\proyectods\proyecto-ds\uno\uno\cola.cpp(89): error C2059: error de sintaxis: '<'
c:\users\arser\desktop\proyectods\proyecto-ds\uno\uno\cola.cpp(89): error C2039: 'eliminarPosicion': no es un miembro de '`global namespace''
c:\users\arser\desktop\proyectods\proyecto-ds\uno\uno\cola.cpp(89): error C2143: error de sintaxis: falta ';' delante de '{'
c:\users\arser\desktop\proyectods\proyecto-ds\uno\uno\cola.cpp(89): error C2447: '{': falta el encabezado de función (¿lista formal de estilo anterior?)
c:\users\arser\desktop\proyectods\proyecto-ds\uno\uno\cola.cpp(113): error C2988: declaración o definición de plantilla irreconocible
c:\users\arser\desktop\proyectods\proyecto-ds\uno\uno\cola.cpp(113): error C2143: error de sintaxis: falta ';' delante de '<'
c:\users\arser\desktop\proyectods\proyecto-ds\uno\uno\cola.cpp(113): error C2371: 'Cola': nueva definición; tipos básicos distintos
  c:\users\arser\desktop\proyectods\proyecto-ds\uno\uno\cola.cpp(23): note: vea la declaración de 'Cola'
c:\users\arser\desktop\proyectods\proyecto-ds\uno\uno\cola.cpp(113): error C2059: error de sintaxis: '<'
c:\users\arser\desktop\proyectods\proyecto-ds\uno\uno\cola.cpp(113): error C2039: 'atender': no es un miembro de '`global namespace''
c:\users\arser\desktop\proyectods\proyecto-ds\uno\uno\cola.cpp(113): error C2143: error de sintaxis: falta ';' delante de '{'
c:\users\arser\desktop\proyectods\proyecto-ds\uno\uno\cola.cpp(113): error C2447: '{': falta el encabezado de función (¿lista formal de estilo anterior?)
c:\users\arser\desktop\proyectods\proyecto-ds\uno\uno\cola.cpp(120): error C2988: declaración o definición de plantilla irreconocible
c:\users\arser\desktop\proyectods\proyecto-ds\uno\uno\cola.cpp(120): error C2143: error de sintaxis: falta ';' delante de '<'
c:\users\arser\desktop\proyectods\proyecto-ds\uno\uno\cola.cpp(120): error C2371: 'Cola': nueva definición; tipos básicos distintos
  c:\users\arser\desktop\proyectods\proyecto-ds\uno\uno\cola.cpp(23): note: vea la declaración de 'Cola'
c:\users\arser\desktop\proyectods\proyecto-ds\uno\uno\cola.cpp(120): error C2059: error de sintaxis: '<'
c:\users\arser\desktop\proyectods\proyecto-ds\uno\uno\cola.cpp(120): error C2039: 'ultimoCola': no es un miembro de '`global namespace''
c:\users\arser\desktop\proyectods\proyecto-ds\uno\uno\cola.cpp(120): error C2143: error de sintaxis: falta ';' delante de '{'
c:\users\arser\desktop\proyectods\proyecto-ds\uno\uno\cola.cpp(120): error C2447: '{': falta el encabezado de función (¿lista formal de estilo anterior?)
c:\users\arser\desktop\proyectods\proyecto-ds\uno\uno\cola.cpp(134): error C2988: declaración o definición de plantilla irreconocible
c:\users\arser\desktop\proyectods\proyecto-ds\uno\uno\cola.cpp(134): error C2143: error de sintaxis: falta ';' delante de '<'
c:\users\arser\desktop\proyectods\proyecto-ds\uno\uno\cola.cpp(134): error C2374: 'Cola': nueva definición; inicialización múltiple
  c:\users\arser\desktop\proyectods\proyecto-ds\uno\uno\cola.cpp(23): note: vea la declaración de 'Cola'
c:\users\arser\desktop\proyectods\proyecto-ds\uno\uno\cola.cpp(134): error C2059: error de sintaxis: '<'
c:\users\arser\desktop\proyectods\proyecto-ds\uno\uno\cola.cpp(134): error C2039: 'posElemento': no es un miembro de '`global namespace''
c:\users\arser\desktop\proyectods\proyecto-ds\uno\uno\cola.cpp(134): error C2143: error de sintaxis: falta ';' delante de '{'
c:\users\arser\desktop\proyectods\proyecto-ds\uno\uno\cola.cpp(134): error C2447: '{': falta el encabezado de función (¿lista formal de estilo anterior?)
c:\users\arser\desktop\proyectods\proyecto-ds\uno\uno\cola.cpp(150): error C2988: declaración o definición de plantilla irreconocible
c:\users\arser\desktop\proyectods\proyecto-ds\uno\uno\cola.cpp(150): error C2143: error de sintaxis: falta ';' delante de '<'
c:\users\arser\desktop\proyectods\proyecto-ds\uno\uno\cola.cpp(150): error C2182: 'Cola': uso no válido del tipo 'void'
c:\users\arser\desktop\proyectods\proyecto-ds\uno\uno\cola.cpp(150): error C2374: 'Cola': nueva definición; inicialización múltiple
  c:\users\arser\desktop\proyectods\proyecto-ds\uno\uno\cola.cpp(23): note: vea la declaración de 'Cola'
c:\users\arser\desktop\proyectods\proyecto-ds\uno\uno\cola.cpp(150): error C2059: error de sintaxis: '<'
c:\users\arser\desktop\proyectods\proyecto-ds\uno\uno\cola.cpp(150): error C2039: 'recorrer': no es un miembro de '`global namespace''
c:\users\arser\desktop\proyectods\proyecto-ds\uno\uno\cola.cpp(150): error C2143: error de sintaxis: falta ';' delante de '{'
c:\users\arser\desktop\proyectods\proyecto-ds\uno\uno\cola.cpp(150): error C2447: '{': falta el encabezado de función (¿lista formal de estilo anterior?)
  Generando código...
  Compilando...
  Cementerio.cpp
  Generando código...
